<?xml version="1.0" encoding="UTF-8"?>
<testng-results skipped="0" failed="0" ignored="0" total="1" passed="1">
  <reporter-output>
  </reporter-output>
  <suite name="Default suite" duration-ms="10743" started-at="2019-02-14T05:45:14Z" finished-at="2019-02-14T05:45:25Z">
    <groups>
    </groups>
    <test name="Default test" duration-ms="10743" started-at="2019-02-14T05:45:14Z" finished-at="2019-02-14T05:45:25Z">
      <class name="PocketPhoneSystem.StartPackage">
        <test-method status="PASS" signature="pps()[pri:0, instance:PocketPhoneSystem.StartPackage@50c87b21]" name="pps" duration-ms="10741" started-at="2019-02-14T05:45:14Z" finished-at="2019-02-14T05:45:25Z">
          <reporter-output>
          </reporter-output>
        </test-method> <!-- pps -->
      </class> <!-- PocketPhoneSystem.StartPackage -->
    </test> <!-- Default test -->
  </suite> <!-- Default suite -->
</testng-results>
